<?xml version="1.0" encoding="UTF-8"?>
<testng-results ignored="0" total="1" passed="1" failed="0" skipped="0">
  <reporter-output>
  </reporter-output>
  <suite started-at="2025-01-22T11:41:49 IST" name="Suite" finished-at="2025-01-22T11:41:57 IST" duration-ms="8033">
    <groups>
    </groups>
    <test started-at="2025-01-22T11:41:49 IST" name="Test" finished-at="2025-01-22T11:41:57 IST" duration-ms="8033">
      <class name="testCases.TC_MYINFO_LOGIN_01">
        <test-method is-config="true" signature="setup(java.lang.String,java.lang.String)[pri:0, instance:testCases.TC_MYINFO_LOGIN_01@331acdad]" started-at="2025-01-22T11:41:49 IST" name="setup" finished-at="2025-01-22T11:41:56 IST" duration-ms="7079" status="PASS">
          <params>
            <param index="0">
              <value>
                <![CDATA[windows]]>
              </value>
            </param>
            <param index="1">
              <value>
                <![CDATA[chrome]]>
              </value>
            </param>
          </params>
          <reporter-output>
          </reporter-output>
        </test-method> <!-- setup -->
        <test-method signature="verify_login()[pri:0, instance:testCases.TC_MYINFO_LOGIN_01@331acdad]" started-at="2025-01-22T11:41:56 IST" name="verify_login" finished-at="2025-01-22T11:41:56 IST" duration-ms="613" status="PASS">
          <reporter-output>
          </reporter-output>
        </test-method> <!-- verify_login -->
        <test-method is-config="true" signature="teardown()[pri:0, instance:testCases.TC_MYINFO_LOGIN_01@331acdad]" started-at="2025-01-22T11:41:56 IST" name="teardown" finished-at="2025-01-22T11:41:57 IST" duration-ms="109" status="PASS">
          <reporter-output>
          </reporter-output>
        </test-method> <!-- teardown -->
      </class> <!-- testCases.TC_MYINFO_LOGIN_01 -->
    </test> <!-- Test -->
  </suite> <!-- Suite -->
</testng-results>
